This is pdfTeX, Version 3.14159265-2.6-1.40.19 (MiKTeX 2.9.6730 64-bit) (preloaded format=pdflatex 2018.9.26)  9 DEC 2018 16:56
entering extended mode
**./principal.tex
(principal.tex
LaTeX2e <2018-04-01> patch level 5

("C:\Users\Olaf G. Cortes\AppData\Local\Programs\MiKTeX 2.9\tex\latex\base\arti
cle.cls"
Document Class: article 2014/09/29 v1.4h Standard LaTeX document class

("C:\Users\Olaf G. Cortes\AppData\Local\Programs\MiKTeX 2.9\tex\latex\base\size
10.clo"
File: size10.clo 2014/09/29 v1.4h Standard LaTeX file (size option)
)
\c@part=\count80
\c@section=\count81
\c@subsection=\count82
\c@subsubsection=\count83
\c@paragraph=\count84
\c@subparagraph=\count85
\c@figure=\count86
\c@table=\count87
\abovecaptionskip=\skip41
\belowcaptionskip=\skip42
\bibindent=\dimen102
)
("C:\Users\Olaf G. Cortes\AppData\Local\Programs\MiKTeX 2.9\tex\generic\babel\b
abel.sty"
Package: babel 2018/06/05 3.22 The Babel package

("C:\Users\Olaf G. Cortes\AppData\Local\Programs\MiKTeX 2.9\tex\generic\babel\s
witch.def"
File: switch.def 2018/06/05 3.22 Babel switching mechanism
)
*************************************
* Local config file bblopts.cfg used
*

("C:\Users\Olaf G. Cortes\AppData\Local\Programs\MiKTeX 2.9\tex\latex\arabi\bbl
opts.cfg"
File: bblopts.cfg 2005/09/08 v0.1 add Arabic and Farsi to "declared" options of
 babel
)
("C:\Users\Olaf G. Cortes\AppData\Local\Programs\MiKTeX 2.9\tex\latex\babel-spa
nish\spanish.ldf"
Language: spanish.ldf 2016/03/03 v5.0p Spanish support from the babel system

("C:\Users\Olaf G. Cortes\AppData\Local\Programs\MiKTeX 2.9\tex\generic\babel\b
abel.def"
File: babel.def 2018/06/05 3.22 Babel common definitions
\babel@savecnt=\count88
\U@D=\dimen103

("C:\Users\Olaf G. Cortes\AppData\Local\Programs\MiKTeX 2.9\tex\generic\babel\t
xtbabel.def")
\bbl@dirlevel=\count89
)
\es@quottoks=\toks14
\es@quotdepth=\count90
Package babel Info: Making " an active character on input line 561.
Package babel Info: Making . an active character on input line 662.
Package babel Info: Making < an active character on input line 707.
Package babel Info: Making > an active character on input line 707.
))
("C:\Users\Olaf G. Cortes\AppData\Local\Programs\MiKTeX 2.9\tex\latex\geometry\
geometry.sty"
Package: geometry 2018/04/16 v5.8 Page Geometry

("C:\Users\Olaf G. Cortes\AppData\Local\Programs\MiKTeX 2.9\tex\latex\graphics\
keyval.sty"
Package: keyval 2014/10/28 v1.15 key=value parser (DPC)
\KV@toks@=\toks15
)
("C:\Users\Olaf G. Cortes\AppData\Local\Programs\MiKTeX 2.9\tex\generic\oberdie
k\ifpdf.sty"
Package: ifpdf 2017/03/15 v3.2 Provides the ifpdf switch
)
("C:\Users\Olaf G. Cortes\AppData\Local\Programs\MiKTeX 2.9\tex\generic\oberdie
k\ifvtex.sty"
Package: ifvtex 2016/05/16 v1.6 Detect VTeX and its facilities (HO)
Package ifvtex Info: VTeX not detected.
)
("C:\Users\Olaf G. Cortes\AppData\Local\Programs\MiKTeX 2.9\tex\generic\ifxetex
\ifxetex.sty"
Package: ifxetex 2010/09/12 v0.6 Provides ifxetex conditional
)
\Gm@cnth=\count91
\Gm@cntv=\count92
\c@Gm@tempcnt=\count93
\Gm@bindingoffset=\dimen104
\Gm@wd@mp=\dimen105
\Gm@odd@mp=\dimen106
\Gm@even@mp=\dimen107
\Gm@layoutwidth=\dimen108
\Gm@layoutheight=\dimen109
\Gm@layouthoffset=\dimen110
\Gm@layoutvoffset=\dimen111
\Gm@dimlist=\toks16

("C:\Users\Olaf G. Cortes\AppData\Local\Programs\MiKTeX 2.9\tex\latex\geometry\
geometry.cfg"))
("C:\Users\Olaf G. Cortes\AppData\Local\Programs\MiKTeX 2.9\tex\latex\graphics\
graphicx.sty"
Package: graphicx 2017/06/01 v1.1a Enhanced LaTeX Graphics (DPC,SPQR)

("C:\Users\Olaf G. Cortes\AppData\Local\Programs\MiKTeX 2.9\tex\latex\graphics\
graphics.sty"
Package: graphics 2017/06/25 v1.2c Standard LaTeX Graphics (DPC,SPQR)

("C:\Users\Olaf G. Cortes\AppData\Local\Programs\MiKTeX 2.9\tex\latex\graphics\
trig.sty"
Package: trig 2016/01/03 v1.10 sin cos tan (DPC)
)
("C:\Users\Olaf G. Cortes\AppData\Local\Programs\MiKTeX 2.9\tex\latex\graphics-
cfg\graphics.cfg"
File: graphics.cfg 2016/06/04 v1.11 sample graphics configuration
)
Package graphics Info: Driver file: pdftex.def on input line 99.

("C:\Users\Olaf G. Cortes\AppData\Local\Programs\MiKTeX 2.9\tex\latex\graphics-
def\pdftex.def"
File: pdftex.def 2018/01/08 v1.0l Graphics/color driver for pdftex
))
\Gin@req@height=\dimen112
\Gin@req@width=\dimen113
) (principal.aux
LaTeX Info: Redefining \. on input line 6.
LaTeX Info: Redefining \% on input line 6.
 (secciones/Introduccion/Introduccion.aux)
(secciones/Metodologia/meto.aux) (secciones/Analisis/analisis.aux)
(secciones/Diseno/dis.aux))
\openout1 = `principal.aux'.

LaTeX Font Info:    Checking defaults for OML/cmm/m/it on input line 7.
LaTeX Font Info:    ... okay on input line 7.
LaTeX Font Info:    Checking defaults for T1/cmr/m/n on input line 7.
LaTeX Font Info:    ... okay on input line 7.
LaTeX Font Info:    Checking defaults for OT1/cmr/m/n on input line 7.
LaTeX Font Info:    ... okay on input line 7.
LaTeX Font Info:    Checking defaults for OMS/cmsy/m/n on input line 7.
LaTeX Font Info:    ... okay on input line 7.
LaTeX Font Info:    Checking defaults for OMX/cmex/m/n on input line 7.
LaTeX Font Info:    ... okay on input line 7.
LaTeX Font Info:    Checking defaults for U/cmr/m/n on input line 7.
LaTeX Font Info:    ... okay on input line 7.
LaTeX Info: Redefining \. on input line 7.
LaTeX Info: Redefining \% on input line 7.

*geometry* driver: auto-detecting
*geometry* detected driver: pdftex
*geometry* verbose mode - [ preamble ] result:
* driver: pdftex
* paper: <default>
* layout: <same size as paper>
* layoutoffset:(h,v)=(0.0pt,0.0pt)
* bindingoffset: 14.22636pt
* modes: 
* h-part:(L,W,R)=(71.13188pt, 457.80487pt, 71.13188pt)
* v-part:(T,H,B)=(85.35826pt, 624.25346pt, 85.35826pt)
* \paperwidth=614.295pt
* \paperheight=794.96999pt
* \textwidth=457.80487pt
* \textheight=624.25346pt
* \oddsidemargin=13.08826pt
* \evensidemargin=-1.1381pt
* \topmargin=-23.91173pt
* \headheight=12.0pt
* \headsep=25.0pt
* \topskip=10.0pt
* \footskip=30.0pt
* \marginparwidth=65.0pt
* \marginparsep=11.0pt
* \columnsep=10.0pt
* \skip\footins=9.0pt plus 4.0pt minus 2.0pt
* \hoffset=0.0pt
* \voffset=0.0pt
* \mag=1000
* \@twocolumnfalse
* \@twosidefalse
* \@mparswitchfalse
* \@reversemarginfalse
* (1in=72.27pt=25.4mm, 1cm=28.453pt)


("C:\Users\Olaf G. Cortes\AppData\Local\Programs\MiKTeX 2.9\tex\context\base\su
pp-pdf.mkii"
[Loading MPS to PDF converter (version 2006.09.02).]
\scratchcounter=\count94
\scratchdimen=\dimen114
\scratchbox=\box26
\nofMPsegments=\count95
\nofMParguments=\count96
\everyMPshowfont=\toks17
\MPscratchCnt=\count97
\MPscratchDim=\dimen115
\MPnumerator=\count98
\makeMPintoPDFobject=\count99
\everyMPtoPDFconversion=\toks18
)
("C:\Users\Olaf G. Cortes\AppData\Local\Programs\MiKTeX 2.9\tex\latex\oberdiek\
epstopdf-base.sty"
Package: epstopdf-base 2016/05/15 v2.6 Base part for package epstopdf

("C:\Users\Olaf G. Cortes\AppData\Local\Programs\MiKTeX 2.9\tex\generic\oberdie
k\infwarerr.sty"
Package: infwarerr 2016/05/16 v1.4 Providing info/warning/error messages (HO)
)
("C:\Users\Olaf G. Cortes\AppData\Local\Programs\MiKTeX 2.9\tex\latex\oberdiek\
grfext.sty"
Package: grfext 2016/05/16 v1.2 Manage graphics extensions (HO)

("C:\Users\Olaf G. Cortes\AppData\Local\Programs\MiKTeX 2.9\tex\generic\oberdie
k\kvdefinekeys.sty"
Package: kvdefinekeys 2016/05/16 v1.4 Define keys (HO)

("C:\Users\Olaf G. Cortes\AppData\Local\Programs\MiKTeX 2.9\tex\generic\oberdie
k\ltxcmds.sty"
Package: ltxcmds 2016/05/16 v1.23 LaTeX kernel commands for general use (HO)
)))
("C:\Users\Olaf G. Cortes\AppData\Local\Programs\MiKTeX 2.9\tex\latex\oberdiek\
kvoptions.sty"
Package: kvoptions 2016/05/16 v3.12 Key value format for package options (HO)

("C:\Users\Olaf G. Cortes\AppData\Local\Programs\MiKTeX 2.9\tex\generic\oberdie
k\kvsetkeys.sty"
Package: kvsetkeys 2016/05/16 v1.17 Key value parser (HO)

("C:\Users\Olaf G. Cortes\AppData\Local\Programs\MiKTeX 2.9\tex\generic\oberdie
k\etexcmds.sty"
Package: etexcmds 2016/05/16 v1.6 Avoid name clashes with e-TeX commands (HO)

("C:\Users\Olaf G. Cortes\AppData\Local\Programs\MiKTeX 2.9\tex\generic\oberdie
k\ifluatex.sty"
Package: ifluatex 2016/05/16 v1.4 Provides the ifluatex switch (HO)
Package ifluatex Info: LuaTeX not detected.
)
Package etexcmds Info: Could not find \expanded.
(etexcmds)             That can mean that you are not using pdfTeX 1.50 or
(etexcmds)             that some package has redefined \expanded.
(etexcmds)             In the latter case, load this package earlier.
)))
("C:\Users\Olaf G. Cortes\AppData\Local\Programs\MiKTeX 2.9\tex\generic\oberdie
k\pdftexcmds.sty"
Package: pdftexcmds 2018/01/30 v0.27 Utility functions of pdfTeX for LuaTeX (HO
)
Package pdftexcmds Info: LuaTeX not detected.
Package pdftexcmds Info: \pdf@primitive is available.
Package pdftexcmds Info: \pdf@ifprimitive is available.
Package pdftexcmds Info: \pdfdraftmode found.
)
Package epstopdf-base Info: Redefining graphics rule for `.eps' on input line 4
38.
Package grfext Info: Graphics extension search list:
(grfext)             [.pdf,.png,.jpg,.mps,.jpeg,.jbig2,.jb2,.PDF,.PNG,.JPG,.JPE
G,.JBIG2,.JB2,.eps]
(grfext)             \AppendGraphicsExtensions on input line 456.
)
<./imagenes/upp.png, id=1, 224.2223pt x 268.69615pt>
File: ./imagenes/upp.png Graphic file (type png)
<use ./imagenes/upp.png>
Package pdftex.def Info: ./imagenes/upp.png  used on input line 17.
(pdftex.def)             Requested size: 227.62204pt x 272.77084pt.
 [1

{C:/Users/Olaf G. Cortes/AppData/Local/MiKTeX/2.9/pdftex/config/pdftex.map} <./
imagenes/upp.png>]
\openout2 = `secciones/Introduccion/Introduccion.aux'.


(secciones/Introduccion/Introduccion.tex [1

]) [2]
\openout2 = `secciones/Metodologia/meto.aux'.


(secciones/Metodologia/meto.tex) [3


]
\openout2 = `secciones/Analisis/analisis.aux'.

 (secciones/Analisis/analisis.tex) [4


]
\openout2 = `secciones/Diseno/dis.aux'.


(secciones/Diseno/dis.tex
<./imagenes/diagramas/CU_Lavanderia.png, id=25, 1475.5125pt x 829.0975pt>
File: ./imagenes/diagramas/CU_Lavanderia.png Graphic file (type png)
<use ./imagenes/diagramas/CU_Lavanderia.png>
Package pdftex.def Info: ./imagenes/diagramas/CU_Lavanderia.png  used on input 
line 11.
(pdftex.def)             Requested size: 227.62204pt x 127.90154pt.
<./imagenes/diagramas/CU_IniciarSesion.png, id=26, 929.4725pt x 315.1775pt>
File: ./imagenes/diagramas/CU_IniciarSesion.png Graphic file (type png)
<use ./imagenes/diagramas/CU_IniciarSesion.png>
Package pdftex.def Info: ./imagenes/diagramas/CU_IniciarSesion.png  used on inp
ut line 19.
(pdftex.def)             Requested size: 227.62204pt x 77.18309pt.
<./imagenes/diagramas/CU_PedidosEntregados(Admin).png, id=27, 1174.3875pt x 443
.6575pt>
File: ./imagenes/diagramas/CU_PedidosEntregados(Admin).png Graphic file (type p
ng)
<use ./imagenes/diagramas/CU_PedidosEntregados(Admin).png>
Package pdftex.def Info: ./imagenes/diagramas/CU_PedidosEntregados(Admin).png  
used on input line 27.
(pdftex.def)             Requested size: 227.62204pt x 85.9882pt.
<./imagenes/diagramas/CU_PedidosPendientes(Admin).png, id=28, 893.3375pt x 548.
0475pt>
File: ./imagenes/diagramas/CU_PedidosPendientes(Admin).png Graphic file (type p
ng)
<use ./imagenes/diagramas/CU_PedidosPendientes(Admin).png>
Package pdftex.def Info: ./imagenes/diagramas/CU_PedidosPendientes(Admin).png  
used on input line 35.
(pdftex.def)             Requested size: 227.62204pt x 139.63736pt.


LaTeX Warning: `h' float specifier changed to `ht'.

<./imagenes/diagramas/Estado_lavanderia.png, id=29, 1175.39125pt x 557.08125pt>

File: ./imagenes/diagramas/Estado_lavanderia.png Graphic file (type png)
<use ./imagenes/diagramas/Estado_lavanderia.png>
Package pdftex.def Info: ./imagenes/diagramas/Estado_lavanderia.png  used on in
put line 43.
(pdftex.def)             Requested size: 227.62204pt x 107.87811pt.

LaTeX Warning: `h' float specifier changed to `ht'.

<./imagenes/diagramas/Estados_lavanderia2.png, id=30, 306.14375pt x 597.23125pt
>
File: ./imagenes/diagramas/Estados_lavanderia2.png Graphic file (type png)
<use ./imagenes/diagramas/Estados_lavanderia2.png>
Package pdftex.def Info: ./imagenes/diagramas/Estados_lavanderia2.png  used on 
input line 51.
(pdftex.def)             Requested size: 227.62204pt x 444.0493pt.

LaTeX Warning: `h' float specifier changed to `ht'.

[5


 <./imagenes/diagramas/CU_Lavanderia.png> <./imagenes/diagramas/CU_IniciarSesio
n.png> <./imagenes/diagramas/CU_PedidosEntregados(Admin).png>]) [6 <./imagenes/
diagramas/CU_PedidosPendientes(Admin).png> <./imagenes/diagramas/Estado_lavande
ria.png>] [7 <./imagenes/diagramas/Estados_lavanderia2.png>] (principal.aux
LaTeX Info: Redefining \. on input line 6.
LaTeX Info: Redefining \% on input line 6.

(secciones/Introduccion/Introduccion.aux) (secciones/Metodologia/meto.aux)
(secciones/Analisis/analisis.aux) (secciones/Diseno/dis.aux)) ) 
Here is how much of TeX's memory you used:
 2896 strings out of 492973
 45165 string characters out of 3122703
 122722 words of memory out of 3000000
 6708 multiletter control sequences out of 15000+200000
 5517 words of font info for 20 fonts, out of 3000000 for 9000
 1141 hyphenation exceptions out of 8191
 41i,5n,31p,926b,359s stack positions out of 5000i,500n,10000p,200000b,50000s
<C:/Users/Olaf G
. Cortes/AppData/Local/Programs/MiKTeX 2.9/fonts/type1/public/amsfonts/cm/cmbx1
0.pfb><C:/Users/Olaf G. Cortes/AppData/Local/Programs/MiKTeX 2.9/fonts/type1/pu
blic/amsfonts/cm/cmbx12.pfb><C:/Users/Olaf G. Cortes/AppData/Local/Programs/MiK
TeX 2.9/fonts/type1/public/amsfonts/cm/cmbxti10.pfb><C:/Users/Olaf G. Cortes/Ap
pData/Local/Programs/MiKTeX 2.9/fonts/type1/public/amsfonts/cm/cmr10.pfb><C:/Us
ers/Olaf G. Cortes/AppData/Local/Programs/MiKTeX 2.9/fonts/type1/public/amsfont
s/cm/cmr12.pfb>
Output written on principal.pdf (8 pages, 465721 bytes).
PDF statistics:
 64 PDF objects out of 1000 (max. 8388607)
 0 named destinations out of 1000 (max. 500000)
 36 words of extra memory for PDF output out of 10000 (max. 10000000)

